<?xml version="1.0" encoding="UTF-8"?>
<!-- Generated by org.testng.reporters.JUnitReportReporter -->
<testsuite hostname="DESKTOP-L4VALVN" failures="0" tests="1" name="reqres.crudwithbddapproachreqres" time="5.467" errors="0" timestamp="2023-10-27T14:38:23 IST" skipped="0">
  <testcase classname="reqres.crudwithbddapproachreqres" name="getSingleproject" time="5.467"/>
  <system-out/>
</testsuite> <!-- reqres.crudwithbddapproachreqres -->
