<?xml version="1.0" encoding="UTF-8"?>
<!-- Generated by org.testng.reporters.JUnitReportReporter -->
<testsuite hostname="DESKTOP-L4VALVN" failures="0" tests="1" name="serializationanddeserialization.serialization" time="1.059" errors="0" timestamp="2023-11-09T21:36:29 IST" skipped="0">
  <testcase classname="serializationanddeserialization.serialization" name="deserialization" time="1.059"/>
</testsuite> <!-- serializationanddeserialization.serialization -->
