<?xml version="1.0" encoding="UTF-8"?>
<!-- Generated by org.testng.reporters.JUnitReportReporter -->
<testsuite hostname="DESKTOP-L4VALVN" failures="0" tests="1" name="jsonscemavalidator.jsonschemavalidator" time="6.933" errors="0" timestamp="2023-11-03T12:21:14 IST" skipped="0">
  <testcase classname="jsonscemavalidator.jsonschemavalidator" name="jsonschema" time="6.933"/>
</testsuite> <!-- jsonscemavalidator.jsonschemavalidator -->
