<?xml version="1.0" encoding="UTF-8"?>
<!-- Generated by org.testng.reporters.JUnitReportReporter -->
<testsuite hostname="DESKTOP-L4VALVN" failures="0" tests="1" name="authendication.authendications" time="4.828" errors="0" timestamp="2023-10-31T14:39:39 IST" skipped="0">
  <testcase classname="authendication.authendications" name="reqspecbuilderandresponsespecbuild" time="4.828"/>
  <system-out/>
</testsuite> <!-- authendication.authendications -->
