<?xml version="1.0" encoding="UTF-8"?>
<!-- Generated by org.testng.reporters.JUnitReportReporter -->
<testsuite hostname="DESKTOP-L4VALVN" failures="0" tests="1" name="waystopostreqres.reqrespost" time="5.522" errors="0" timestamp="2023-10-27T17:18:56 IST" skipped="0">
  <testcase classname="waystopostreqres.reqrespost" name="hashmap" time="5.522"/>
  <system-out/>
</testsuite> <!-- waystopostreqres.reqrespost -->
