<?xml version="1.0" encoding="UTF-8"?>
<!-- Generated by org.testng.reporters.JUnitReportReporter -->
<testsuite hostname="DESKTOP-L4VALVN" failures="0" tests="1" name="com.createwithoutbdd.postrepo" time="4.129" errors="0" timestamp="2023-11-03T16:31:53 IST" skipped="0">
  <testcase classname="com.createwithoutbdd.postrepo" name="getSingleProject" time="4.129"/>
</testsuite> <!-- com.createwithoutbdd.postrepo -->
