<?xml version="1.0" encoding="UTF-8"?>
<!-- Generated by org.testng.reporters.JUnitReportReporter -->
<testsuite hostname="DESKTOP-L4VALVN" failures="0" tests="1" name="crudwithbddapproach.createpro" time="5.191" errors="0" timestamp="2023-10-31T09:34:47 IST" skipped="0">
  <testcase classname="crudwithbddapproach.createpro" name="createProject" time="5.191"/>
  <system-out/>
</testsuite> <!-- crudwithbddapproach.createpro -->
