<?xml version="1.0" encoding="UTF-8"?>
<!-- Generated by org.testng.reporters.JUnitReportReporter -->
<testsuite hostname="DESKTOP-L4VALVN" failures="0" tests="1" name="EndtoEndTesting.EndtoEndScenario" time="35.458" errors="0" timestamp="2023-11-02T17:47:01 IST" skipped="0">
  <testcase classname="EndtoEndTesting.EndtoEndScenario" name="scenarionEndtoend" time="35.458"/>
</testsuite> <!-- EndtoEndTesting.EndtoEndScenario -->
