<?xml version="1.0" encoding="UTF-8"?>
<!-- Generated by org.testng.reporters.JUnitReportReporter -->
<testsuite hostname="DESKTOP-L4VALVN" failures="0" tests="1" name="waystoposttherequest.waystoposttherequest" time="5.267" errors="0" timestamp="2023-10-27T16:11:15 IST" skipped="0">
  <testcase classname="waystoposttherequest.waystoposttherequest" name="pojoclass" time="5.267"/>
  <system-out/>
</testsuite> <!-- waystoposttherequest.waystoposttherequest -->
