<?xml version="1.0" encoding="UTF-8"?>
<!-- Generated by org.testng.reporters.JUnitReportReporter -->
<testsuite hostname="DESKTOP-L4VALVN" failures="0" tests="1" name="reqres.createwithoutbdd" time="5.945" errors="0" timestamp="2023-10-27T12:20:24 IST" skipped="0">
  <testcase classname="reqres.createwithoutbdd" name="compleupdate" time="5.945"/>
  <system-out/>
</testsuite> <!-- reqres.createwithoutbdd -->
